Running: D:\Xilinx\14.7\ISE_DS\ISE\bin\nt64\unwrapped\fuse.exe -intstyle ise -incremental -o D:/ISE/modice/TFT_LCD/TFT_LCD_isim_beh.exe -prj D:/ISE/modice/TFT_LCD/TFT_LCD_beh.prj work.TFT_LCD 
ISim P.20131013 (signature 0x7708f090)
Number of CPUs detected in this system: 4
Turning on mult-threading, number of parallel sub-compilation jobs: 8 
Determining compilation order of HDL files
Parsing VHDL file "D:/ISE/modice/TFT_LCD/TFT_LCD.vhd" into library work
Starting static elaboration
Completed static elaboration
Compiling package standard
Compiling package std_logic_1164
Compiling package std_logic_arith
Compiling package std_logic_unsigned
Compiling package numeric_std
Compiling architecture behavioral of entity tft_lcd
Time Resolution for simulation is 1ps.
Waiting for 1 sub-compilation(s) to finish...
Compiled 6 VHDL Units
Built simulation executable D:/ISE/modice/TFT_LCD/TFT_LCD_isim_beh.exe
Fuse Memory Usage: 35272 KB
Fuse CPU Usage: 671 ms
